The target system is: Model-checking -  - 
The host system is: Linux - 3.13.0-55-generic - x86_64
Compiling the CXX compiler identification source file "CMakeCXXCompilerId.cpp" succeeded.
Compiler: /usr/local/bin/goto-cc 
Build flags: 
Id flags: 

The output was:
0


Compilation of the CXX compiler identification source "CMakeCXXCompilerId.cpp" produced "a.out"

The CXX compiler identification is GNU, found in "/home/jgoppert/git/px4/Firmware/src/modules/commander2/fsm_main_state/build-mc/CMakeFiles/2.8.12.2/CompilerIdCXX/a.out"

Determining if the CXX compiler works passed with the following output:
Change Dir: /home/jgoppert/git/px4/Firmware/src/modules/commander2/fsm_main_state/build-mc/CMakeFiles/CMakeTmp

Run Build Command:/usr/bin/make "cmTryCompileExec1294517958/fast"
make[1]: Entering directory `/home/jgoppert/git/px4/Firmware/src/modules/commander2/fsm_main_state/build-mc/CMakeFiles/CMakeTmp'
/usr/bin/make -f CMakeFiles/cmTryCompileExec1294517958.dir/build.make CMakeFiles/cmTryCompileExec1294517958.dir/build
make[2]: Entering directory `/home/jgoppert/git/px4/Firmware/src/modules/commander2/fsm_main_state/build-mc/CMakeFiles/CMakeTmp'
/usr/bin/cmake -E cmake_progress_report /home/jgoppert/git/px4/Firmware/src/modules/commander2/fsm_main_state/build-mc/CMakeFiles/CMakeTmp/CMakeFiles 1
Building CXX object CMakeFiles/cmTryCompileExec1294517958.dir/testCXXCompiler.cxx.obj
/usr/local/bin/goto-cc     -o CMakeFiles/cmTryCompileExec1294517958.dir/testCXXCompiler.cxx.obj -c /home/jgoppert/git/px4/Firmware/src/modules/commander2/fsm_main_state/build-mc/CMakeFiles/CMakeTmp/testCXXCompiler.cxx
Linking CXX executable cmTryCompileExec1294517958
/usr/bin/cmake -E cmake_link_script CMakeFiles/cmTryCompileExec1294517958.dir/link.txt --verbose=1
/usr/local/bin/goto-cc        CMakeFiles/cmTryCompileExec1294517958.dir/testCXXCompiler.cxx.obj  -o cmTryCompileExec1294517958  
make[2]: Leaving directory `/home/jgoppert/git/px4/Firmware/src/modules/commander2/fsm_main_state/build-mc/CMakeFiles/CMakeTmp'
make[1]: Leaving directory `/home/jgoppert/git/px4/Firmware/src/modules/commander2/fsm_main_state/build-mc/CMakeFiles/CMakeTmp'


Detecting CXX compiler ABI info compiled with the following output:
Change Dir: /home/jgoppert/git/px4/Firmware/src/modules/commander2/fsm_main_state/build-mc/CMakeFiles/CMakeTmp

Run Build Command:/usr/bin/make "cmTryCompileExec273630919/fast"
make[1]: Entering directory `/home/jgoppert/git/px4/Firmware/src/modules/commander2/fsm_main_state/build-mc/CMakeFiles/CMakeTmp'
/usr/bin/make -f CMakeFiles/cmTryCompileExec273630919.dir/build.make CMakeFiles/cmTryCompileExec273630919.dir/build
make[2]: Entering directory `/home/jgoppert/git/px4/Firmware/src/modules/commander2/fsm_main_state/build-mc/CMakeFiles/CMakeTmp'
/usr/bin/cmake -E cmake_progress_report /home/jgoppert/git/px4/Firmware/src/modules/commander2/fsm_main_state/build-mc/CMakeFiles/CMakeTmp/CMakeFiles 1
Building CXX object CMakeFiles/cmTryCompileExec273630919.dir/CMakeCXXCompilerABI.cpp.obj
/usr/local/bin/goto-cc     -o CMakeFiles/cmTryCompileExec273630919.dir/CMakeCXXCompilerABI.cpp.obj -c /usr/share/cmake-2.8/Modules/CMakeCXXCompilerABI.cpp
Linking CXX executable cmTryCompileExec273630919
/usr/bin/cmake -E cmake_link_script CMakeFiles/cmTryCompileExec273630919.dir/link.txt --verbose=1
/usr/local/bin/goto-cc      -v CMakeFiles/cmTryCompileExec273630919.dir/CMakeCXXCompilerABI.cpp.obj  -o cmTryCompileExec273630919   
gcc version 3.4.4 (goto-cc 5.1)
make[2]: Leaving directory `/home/jgoppert/git/px4/Firmware/src/modules/commander2/fsm_main_state/build-mc/CMakeFiles/CMakeTmp'
make[1]: Leaving directory `/home/jgoppert/git/px4/Firmware/src/modules/commander2/fsm_main_state/build-mc/CMakeFiles/CMakeTmp'


Parsed CXX implicit link information from above output:
  link line regex: [^( *|.*[/\])(ld|([^/\]+-)?ld|collect2)[^/\]*( |$)]
  ignore line: [Change Dir: /home/jgoppert/git/px4/Firmware/src/modules/commander2/fsm_main_state/build-mc/CMakeFiles/CMakeTmp]
  ignore line: []
  ignore line: [Run Build Command:/usr/bin/make "cmTryCompileExec273630919/fast"]
  ignore line: [make[1]: Entering directory `/home/jgoppert/git/px4/Firmware/src/modules/commander2/fsm_main_state/build-mc/CMakeFiles/CMakeTmp']
  ignore line: [/usr/bin/make -f CMakeFiles/cmTryCompileExec273630919.dir/build.make CMakeFiles/cmTryCompileExec273630919.dir/build]
  ignore line: [make[2]: Entering directory `/home/jgoppert/git/px4/Firmware/src/modules/commander2/fsm_main_state/build-mc/CMakeFiles/CMakeTmp']
  ignore line: [/usr/bin/cmake -E cmake_progress_report /home/jgoppert/git/px4/Firmware/src/modules/commander2/fsm_main_state/build-mc/CMakeFiles/CMakeTmp/CMakeFiles 1]
  ignore line: [Building CXX object CMakeFiles/cmTryCompileExec273630919.dir/CMakeCXXCompilerABI.cpp.obj]
  ignore line: [/usr/local/bin/goto-cc     -o CMakeFiles/cmTryCompileExec273630919.dir/CMakeCXXCompilerABI.cpp.obj -c /usr/share/cmake-2.8/Modules/CMakeCXXCompilerABI.cpp]
  ignore line: [Linking CXX executable cmTryCompileExec273630919]
  ignore line: [/usr/bin/cmake -E cmake_link_script CMakeFiles/cmTryCompileExec273630919.dir/link.txt --verbose=1]
  ignore line: [/usr/local/bin/goto-cc      -v CMakeFiles/cmTryCompileExec273630919.dir/CMakeCXXCompilerABI.cpp.obj  -o cmTryCompileExec273630919   ]
  ignore line: [gcc version 3.4.4 (goto-cc 5.1)]
  ignore line: [make[2]: Leaving directory `/home/jgoppert/git/px4/Firmware/src/modules/commander2/fsm_main_state/build-mc/CMakeFiles/CMakeTmp']
  ignore line: [make[1]: Leaving directory `/home/jgoppert/git/px4/Firmware/src/modules/commander2/fsm_main_state/build-mc/CMakeFiles/CMakeTmp']
  ignore line: []
  implicit libs: []
  implicit dirs: []
  implicit fwks: []


